Using pre-set license
Built from '2020.3/release' branch; Version is '2020.3.12f1 (b3b2c6512326) revision 11776710'; Using compiler version '192528614'; Build Type 'Release'
OS: 'Windows 10 Pro; OS build 19042.1165; Version 2009; 64bit' Language: 'ko' Physical Memory: 32584 MB
BatchMode: 1, IsHumanControllingUs: 0, StartBugReporterOnCrash: 0, Is64bit: 1, IsPro: 0

 COMMAND LINE ARGUMENTS:
C:\Program Files\Unity\Hub\Editor\2020.3.12f1\Editor\Unity.exe
-adb2
-batchMode
-noUpm
-name
AssetImportWorker0
-projectPath
D:/Bitcamp/07_4Runner_ARwalking/ARwalking
-logFile
Logs/AssetImportWorker0.log
-srvPort
14893
Successfully changed project path to: D:/Bitcamp/07_4Runner_ARwalking/ARwalking
D:/Bitcamp/07_4Runner_ARwalking/ARwalking
Using Asset Import Pipeline V2.
Refreshing native plugins compatible for Editor in 24.87 ms, found 2 plugins.
Preloading 0 native plugins for Editor in 0.00 ms.
Initialize engine version: 2020.3.12f1 (b3b2c6512326)
[Subsystems] Discovering subsystems at path C:/Program Files/Unity/Hub/Editor/2020.3.12f1/Editor/Data/Resources/UnitySubsystems
[Subsystems] Discovering subsystems at path D:/Bitcamp/07_4Runner_ARwalking/ARwalking/Assets
GfxDevice: creating device client; threaded=0
Direct3D:
    Version:  Direct3D 11.0 [level 11.1]
    Renderer: NVIDIA GeForce RTX 2060 (ID=0x1f15)
    Vendor:   
    VRAM:     5980 MB
    Driver:   27.21.14.5730
Initialize mono
Mono path[0] = 'C:/Program Files/Unity/Hub/Editor/2020.3.12f1/Editor/Data/Managed'
Mono path[1] = 'C:/Program Files/Unity/Hub/Editor/2020.3.12f1/Editor/Data/MonoBleedingEdge/lib/mono/unityjit'
Mono config path = 'C:/Program Files/Unity/Hub/Editor/2020.3.12f1/Editor/Data/MonoBleedingEdge/etc'
Using monoOptions --debugger-agent=transport=dt_socket,embedding=1,server=y,suspend=n,address=127.0.0.1:56936
Begin MonoManager ReloadAssembly
Registering precompiled unity dll's ...
Register platform support module: C:/Program Files/Unity/Hub/Editor/2020.3.12f1/Editor/Data/PlaybackEngines/WindowsStandaloneSupport/UnityEditor.WindowsStandalone.Extensions.dll
Registered in 0.003066 seconds.
Native extension for WindowsStandalone target not found
Refreshing native plugins compatible for Editor in 25.08 ms, found 2 plugins.
Preloading 0 native plugins for Editor in 0.00 ms.
Mono: successfully reloaded assembly
- Completed reload, in  1.752 seconds
Platform modules already initialized, skipping
Registering precompiled user dll's ...
Registered in 0.004442 seconds.
Begin MonoManager ReloadAssembly
Native extension for WindowsStandalone target not found
Refreshing native plugins compatible for Editor in 0.25 ms, found 2 plugins.
Preloading 0 native plugins for Editor in 0.00 ms.
Mono: successfully reloaded assembly
- Completed reload, in  0.879 seconds
Platform modules already initialized, skipping
========================================================================
Worker process is ready to serve import requests
Launched and connected shader compiler UnityShaderCompiler.exe after 0.04 seconds
Refreshing native plugins compatible for Editor in 0.26 ms, found 2 plugins.
Preloading 0 native plugins for Editor in 0.00 ms.
Unloading 1386 Unused Serialized files (Serialized files now loaded: 0)
System memory in use before: 67.2 MB.
System memory in use after: 67.3 MB.

Unloading 19 unused Assets to reduce memory usage. Loaded Objects now: 1819.
Total: 1.528100 ms (FindLiveObjects: 0.128600 ms CreateObjectMapping: 0.039400 ms MarkObjects: 1.301800 ms  DeleteObjects: 0.057300 ms)

AssetImportParameters requested are different than current active one (requested -> active):
  custom:framework-win-MediaFoundation: 216162199b28c13a410421893ffa2e32 -> 
  custom:video-decoder-ogg-theora: a1e56fd34408186e4bbccfd4996cb3dc -> 
  custom:container-muxer-webm: aa71ff27fc2769a1b78a27578f13a17b -> 
  custom:container-demuxer-webm: 4f35f7cbe854078d1ac9338744f61a02 -> 
  custom:container-demuxer-ogg: 62fdf1f143b41e24485cea50d1cbac27 -> 
  custom:video-encoder-webm-vp8: eb34c28f22e8b96e1ab97ce403110664 -> 
  custom:video-decoder-webm-vp8: 9c59270c3fd7afecdb556c50c9e8de78 -> 
  custom:audio-decoder-ogg-vorbis: bf7c407c2cedff20999df2af8eb42d56 -> 
  custom:audio-encoder-webm-vorbis: bf7c407c2cedff20999df2af8eb42d56 -> 
========================================================================
Received Import Request.
  path: Assets/Scenes
  artifactKey: Guid(f6b428487b552e4458a7a936bff05c75) Importer(815301076,1909f56bfc062723c751e8b465ee728b)
Start importing Assets/Scenes using Guid(f6b428487b552e4458a7a936bff05c75) Importer(815301076,1909f56bfc062723c751e8b465ee728b)  -> (artifact id: 'b652a34f45902567e426136d2cacf821') in 0.007228 seconds 
  Import took 0.009014 seconds .

========================================================================
Received Import Request.
  Time since last request: 4.995531 seconds.
  path: Assets
  artifactKey: Guid(00000000000000001000000000000000) Importer(815301076,1909f56bfc062723c751e8b465ee728b)
Start importing Assets using Guid(00000000000000001000000000000000) Importer(815301076,1909f56bfc062723c751e8b465ee728b)  -> (artifact id: '42d402b061de3733987d63b9cc3b64de') in 0.005934 seconds 
  Import took 0.007791 seconds .

========================================================================
Received Import Request.
  Time since last request: 12.616623 seconds.
  path: Assets/Front_End
  artifactKey: Guid(304f78b815168804fa19e5a512195f5e) Importer(815301076,1909f56bfc062723c751e8b465ee728b)
Start importing Assets/Front_End using Guid(304f78b815168804fa19e5a512195f5e) Importer(815301076,1909f56bfc062723c751e8b465ee728b)  -> (artifact id: 'b2f546973f592f42d9a7ac2221b8b6a5') in 0.006836 seconds 
  Import took 0.008955 seconds .

========================================================================
Received Import Request.
  Time since last request: 0.001376 seconds.
  path: Assets/Front_End
  artifactKey: Guid(304f78b815168804fa19e5a512195f5e) Importer(815301076,1909f56bfc062723c751e8b465ee728b)
Start importing Assets/Front_End using Guid(304f78b815168804fa19e5a512195f5e) Importer(815301076,1909f56bfc062723c751e8b465ee728b)  -> (artifact id: 'b2f546973f592f42d9a7ac2221b8b6a5') in 0.003229 seconds 
  Import took 0.005158 seconds .

========================================================================
Received Import Request.
  Time since last request: 11.875180 seconds.
  path: Assets/Back_End
  artifactKey: Guid(375d9626658093d4eb072f2725876a29) Importer(815301076,1909f56bfc062723c751e8b465ee728b)
Start importing Assets/Back_End using Guid(375d9626658093d4eb072f2725876a29) Importer(815301076,1909f56bfc062723c751e8b465ee728b)  -> (artifact id: '04689499955fc5fc9b69eb3df1be8242') in 0.006258 seconds 
  Import took 0.008203 seconds .

